# JRE version: Java(TM) SE Runtime Environment (7.0_71-b14) (build 1.7.0_71-b14)
# Java VM: Java HotSpot(TM) 64-Bit Server VM (24.71-b01 mixed mode windows-amd64 compressed oops)
Heap
 PSYoungGen      total 53760K, used 16893K [0x00000000f0600000, 0x00000000f7400000, 0x0000000100000000)
  eden space 47616K, 22% used [0x00000000f0600000,0x00000000f1084870,0x00000000f3480000)
  from space 6144K, 99% used [0x00000000f3480000,0x00000000f3a7acb8,0x00000000f3a80000)
  to   space 8704K, 0% used [0x00000000f6b80000,0x00000000f6b80000,0x00000000f7400000)
 ParOldGen       total 31744K, used 8705K [0x00000000d1200000, 0x00000000d3100000, 0x00000000f0600000)
  object space 31744K, 27% used [0x00000000d1200000,0x00000000d1a80528,0x00000000d3100000)
 PSPermGen       total 27648K, used 27551K [0x00000000cc000000, 0x00000000cdb00000, 0x00000000d1200000)
  object space 27648K, 99% used [0x00000000cc000000,0x00000000cdae7d50,0x00000000cdb00000)
GC Heap History (10 events):
Event: 3.972 GC heap before
{Heap before GC invocations=3 (full 0):
 PSYoungGen      total 14336K, used 14318K [0x00000000f0600000, 0x00000000f2200000, 0x0000000100000000)
  eden space 12288K, 99% used [0x00000000f0600000,0x00000000f11fee48,0x00000000f1200000)
  from space 2048K, 99% used [0x00000000f1400000,0x00000000f15fcc68,0x00000000f1600000)
  to   space 2048K, 0% used [0x00000000f1200000,0x00000000f1200000,0x00000000f1400000)
 ParOldGen       total 31744K, used 1174K [0x00000000d1200000, 0x00000000d3100000, 0x00000000f0600000)
  object space 31744K, 3% used [0x00000000d1200000,0x00000000d1325830,0x00000000d3100000)
 PSPermGen       total 21504K, used 11381K [0x00000000cc000000, 0x00000000cd500000, 0x00000000d1200000)
  object space 21504K, 52% used [0x00000000cc000000,0x00000000ccb1d710,0x00000000cd500000)
Event: 3.985 GC heap after
Heap after GC invocations=3 (full 0):
 PSYoungGen      total 14336K, used 2031K [0x00000000f0600000, 0x00000000f2200000, 0x0000000100000000)
  eden space 12288K, 0% used [0x00000000f0600000,0x00000000f0600000,0x00000000f1200000)
  from space 2048K, 99% used [0x00000000f1200000,0x00000000f13fbcd8,0x00000000f1400000)
  to   space 2048K, 0% used [0x00000000f2000000,0x00000000f2000000,0x00000000f2200000)
 ParOldGen       total 31744K, used 1881K [0x00000000d1200000, 0x00000000d3100000, 0x00000000f0600000)
  object space 31744K, 5% used [0x00000000d1200000,0x00000000d13d6458,0x00000000d3100000)
 PSPermGen       total 21504K, used 11381K [0x00000000cc000000, 0x00000000cd500000, 0x00000000d1200000)
  object space 21504K, 52% used [0x00000000cc000000,0x00000000ccb1d710,0x00000000cd500000)
}
Event: 4.000 GC heap before
{Heap before GC invocations=4 (full 0):
 PSYoungGen      total 14336K, used 14282K [0x00000000f0600000, 0x00000000f2200000, 0x0000000100000000)
  eden space 12288K, 99% used [0x00000000f0600000,0x00000000f11f6ea0,0x00000000f1200000)
  from space 2048K, 99% used [0x00000000f1200000,0x00000000f13fbcd8,0x00000000f1400000)
  to   space 2048K, 0% used [0x00000000f2000000,0x00000000f2000000,0x00000000f2200000)
 ParOldGen       total 31744K, used 1881K [0x00000000d1200000, 0x00000000d3100000, 0x00000000f0600000)
  object space 31744K, 5% used [0x00000000d1200000,0x00000000d13d6458,0x00000000d3100000)
 PSPermGen       total 21504K, used 11470K [0x00000000cc000000, 0x00000000cd500000, 0x00000000d1200000)
  object space 21504K, 53% used [0x00000000cc000000,0x00000000ccb33b08,0x00000000cd500000)
Event: 4.011 GC heap after
Heap after GC invocations=4 (full 0):
 PSYoungGen      total 26624K, used 1961K [0x00000000f0600000, 0x00000000f2200000, 0x0000000100000000)
  eden space 24576K, 0% used [0x00000000f0600000,0x00000000f0600000,0x00000000f1e00000)
  from space 2048K, 95% used [0x00000000f2000000,0x00000000f21ea658,0x00000000f2200000)
  to   space 2048K, 0% used [0x00000000f1e00000,0x00000000f1e00000,0x00000000f2000000)
 ParOldGen       total 31744K, used 1881K [0x00000000d1200000, 0x00000000d3100000, 0x00000000f0600000)
  object space 31744K, 5% used [0x00000000d1200000,0x00000000d13d6458,0x00000000d3100000)
 PSPermGen       total 21504K, used 11470K [0x00000000cc000000, 0x00000000cd500000, 0x00000000d1200000)
  object space 21504K, 53% used [0x00000000cc000000,0x00000000ccb33b08,0x00000000cd500000)
}
Event: 5.321 GC heap before
{Heap before GC invocations=5 (full 0):
 PSYoungGen      total 26624K, used 26537K [0x00000000f0600000, 0x00000000f2200000, 0x0000000100000000)
  eden space 24576K, 100% used [0x00000000f0600000,0x00000000f1e00000,0x00000000f1e00000)
  from space 2048K, 95% used [0x00000000f2000000,0x00000000f21ea658,0x00000000f2200000)
  to   space 2048K, 0% used [0x00000000f1e00000,0x00000000f1e00000,0x00000000f2000000)
 ParOldGen       total 31744K, used 1881K [0x00000000d1200000, 0x00000000d3100000, 0x00000000f0600000)
  object space 31744K, 5% used [0x00000000d1200000,0x00000000d13d6458,0x00000000d3100000)
 PSPermGen       total 21504K, used 14955K [0x00000000cc000000, 0x00000000cd500000, 0x00000000d1200000)
  object space 21504K, 69% used [0x00000000cc000000,0x00000000cce9ad08,0x00000000cd500000)
Event: 5.342 GC heap after
Heap after GC invocations=5 (full 0):
 PSYoungGen      total 26624K, used 2022K [0x00000000f0600000, 0x00000000f3f00000, 0x0000000100000000)
  eden space 24576K, 0% used [0x00000000f0600000,0x00000000f0600000,0x00000000f1e00000)
  from space 2048K, 98% used [0x00000000f1e00000,0x00000000f1ff9838,0x00000000f2000000)
  to   space 4608K, 0% used [0x00000000f3a80000,0x00000000f3a80000,0x00000000f3f00000)
 ParOldGen       total 31744K, used 4684K [0x00000000d1200000, 0x00000000d3100000, 0x00000000f0600000)
  object space 31744K, 14% used [0x00000000d1200000,0x00000000d1693368,0x00000000d3100000)
 PSPermGen       total 21504K, used 14955K [0x00000000cc000000, 0x00000000cd500000, 0x00000000d1200000)
  object space 21504K, 69% used [0x00000000cc000000,0x00000000cce9ad08,0x00000000cd500000)
}
Event: 7.686 GC heap before
{Heap before GC invocations=6 (full 0):
 PSYoungGen      total 26624K, used 26598K [0x00000000f0600000, 0x00000000f3f00000, 0x0000000100000000)
  eden space 24576K, 100% used [0x00000000f0600000,0x00000000f1e00000,0x00000000f1e00000)
  from space 2048K, 98% used [0x00000000f1e00000,0x00000000f1ff9838,0x00000000f2000000)
  to   space 4608K, 0% used [0x00000000f3a80000,0x00000000f3a80000,0x00000000f3f00000)
 ParOldGen       total 31744K, used 4684K [0x00000000d1200000, 0x00000000d3100000, 0x00000000f0600000)
  object space 31744K, 14% used [0x00000000d1200000,0x00000000d1693368,0x00000000d3100000)
 PSPermGen       total 21504K, used 19600K [0x00000000cc000000, 0x00000000cd500000, 0x00000000d1200000)
  object space 21504K, 91% used [0x00000000cc000000,0x00000000cd3241b0,0x00000000cd500000)
Event: 7.712 GC heap after
Heap after GC invocations=6 (full 0):
 PSYoungGen      total 52224K, used 4593K [0x00000000f0600000, 0x00000000f4200000, 0x0000000100000000)
  eden space 47616K, 0% used [0x00000000f0600000,0x00000000f0600000,0x00000000f3480000)
  from space 4608K, 99% used [0x00000000f3a80000,0x00000000f3efc4a8,0x00000000f3f00000)
  to   space 6144K, 0% used [0x00000000f3480000,0x00000000f3480000,0x00000000f3a80000)
 ParOldGen       total 31744K, used 5912K [0x00000000d1200000, 0x00000000d3100000, 0x00000000f0600000)
  object space 31744K, 18% used [0x00000000d1200000,0x00000000d17c6270,0x00000000d3100000)
 PSPermGen       total 21504K, used 19600K [0x00000000cc000000, 0x00000000cd500000, 0x00000000d1200000)
  object space 21504K, 91% used [0x00000000cc000000,0x00000000cd3241b0,0x00000000cd500000)
}
Event: 11.097 GC heap before
{Heap before GC invocations=7 (full 0):
 PSYoungGen      total 52224K, used 52209K [0x00000000f0600000, 0x00000000f4200000, 0x0000000100000000)
  eden space 47616K, 100% used [0x00000000f0600000,0x00000000f3480000,0x00000000f3480000)
  from space 4608K, 99% used [0x00000000f3a80000,0x00000000f3efc4a8,0x00000000f3f00000)
  to   space 6144K, 0% used [0x00000000f3480000,0x00000000f3480000,0x00000000f3a80000)
 ParOldGen       total 31744K, used 5912K [0x00000000d1200000, 0x00000000d3100000, 0x00000000f0600000)
  object space 31744K, 18% used [0x00000000d1200000,0x00000000d17c6270,0x00000000d3100000)
 PSPermGen       total 26112K, used 25912K [0x00000000cc000000, 0x00000000cd980000, 0x00000000d1200000)
  object space 26112K, 99% used [0x00000000cc000000,0x00000000cd94e3d8,0x00000000cd980000)
Event: 11.137 GC heap after
Heap after GC invocations=7 (full 0):
 PSYoungGen      total 53760K, used 6123K [0x00000000f0600000, 0x00000000f7400000, 0x0000000100000000)
  eden space 47616K, 0% used [0x00000000f0600000,0x00000000f0600000,0x00000000f3480000)
  from space 6144K, 99% used [0x00000000f3480000,0x00000000f3a7acb8,0x00000000f3a80000)
  to   space 8704K, 0% used [0x00000000f6b80000,0x00000000f6b80000,0x00000000f7400000)
 ParOldGen       total 31744K, used 8705K [0x00000000d1200000, 0x00000000d3100000, 0x00000000f0600000)
  object space 31744K, 27% used [0x00000000d1200000,0x00000000d1a80528,0x00000000d3100000)
 PSPermGen       total 26112K, used 25912K [0x00000000cc000000, 0x00000000cd980000, 0x00000000d1200000)
  object space 26112K, 99% used [0x00000000cc000000,0x00000000cd94e3d8,0x00000000cd980000)
}

